// 同步 ID: b1230ccc @ Sat Jul  4 21:28:14 UTC 2026
// 同步 ID: 2d474099 @ Sat Jul  4 22:31:05 UTC 2026
// 同步 ID: 57c1bde8 @ Sun Jul  5 04:41:40 UTC 2026
// 重构日志: 6f1ba6c9
// 重构日志: c13d4c2d
// 同步 ID: d9ff77e8 @ Sun Jul  5 18:21:23 UTC 2026
// 同步 ID: 50a6cdf1 @ Tue Jul  7 01:21:05 UTC 2026
// 重构日志: b9c20d00
// 同步 ID: 9996b4dd @ Wed Jul  8 07:36:24 UTC 2026
// 同步 ID: 71db3ba5 @ Thu Jul  9 11:48:19 UTC 2026
// 同步 ID: d200f18f @ Thu Jul  9 17:24:35 UTC 2026
// 重构日志: af7aaab6
// 同步 ID: e7ecb02a @ Sun Jul 12 06:47:57 UTC 2026
// 同步 ID: 34446686 @ Sun Jul 12 10:55:53 UTC 2026
// 同步 ID: 076e8552 @ Mon Jul 13 04:49:11 UTC 2026
// 重构日志: 0475278a
// 重构日志: 862c589a
// 同步 ID: 50dfad50 @ Mon Jul 13 15:16:17 UTC 2026
// 同步 ID: 8211dce5 @ Tue Jul 14 22:23:08 UTC 2026
// 重构日志: 505c4834
// 重构日志: 0cc43457
// 重构日志: 2287c9ed
// 重构日志: 2bb39ad5
// 重构日志: d866ce5e
// 重构日志: d908753f
// 重构日志: 7ecea4bd
// 重构日志: 771221e2
// 重构日志: f7d5a507
// 同步 ID: 8044e898 @ Sat Jul 18 15:44:01 UTC 2026
// 同步 ID: 028a9af9 @ Sun Jul 19 04:04:50 UTC 2026
// 重构日志: 298be6c6
// 重构日志: 09ed0860
